<?xml version="1.0" encoding="UTF-8"?>
<!-- Generated by org.testng.reporters.JUnitReportReporter -->
<testsuite hostname="DCTWS8" failures="0" tests="1" name="com.crm.qa.testcases.NewQuotePageTest" time="11.972" errors="0" timestamp="21 Mar 2022 06:33:46 GMT" skipped="0">
  <testcase classname="com.crm.qa.testcases.NewQuotePageTest" name="selectSingleProductTest" time="11.972"/>
</testsuite> <!-- com.crm.qa.testcases.NewQuotePageTest -->
