<?xml version="1.0" encoding="UTF-8"?>
<!-- Generated by org.testng.reporters.JUnitReportReporter -->
<testsuite hostname="DCTWS8" failures="0" tests="2" name="com.crm.qa.testcases.LoginPageTest" time="5.991" errors="0" timestamp="17 Mar 2022 03:21:29 GMT" skipped="0">
  <testcase classname="com.crm.qa.testcases.LoginPageTest" name="loginPageTitleTest" time="2.676"/>
  <testcase classname="com.crm.qa.testcases.LoginPageTest" name="loginTest" time="3.315"/>
</testsuite> <!-- com.crm.qa.testcases.LoginPageTest -->
