<?xml version="1.0" encoding="UTF-8"?>
<!-- Generated by org.testng.reporters.JUnitReportReporter -->
<testsuite hostname="DCTWS8" failures="0" tests="3" name="com.crm.qa.testcases.HomePageTest" time="22.791" errors="0" timestamp="17 Mar 2022 03:40:30 GMT" skipped="0">
  <testcase classname="com.crm.qa.testcases.HomePageTest" name="verifyHomePageTitleTest" time="7.019"/>
  <testcase classname="com.crm.qa.testcases.HomePageTest" name="verifyHomePageTest" time="6.329"/>
  <testcase classname="com.crm.qa.testcases.HomePageTest" name="verifyContactsLinkTest" time="9.443"/>
</testsuite> <!-- com.crm.qa.testcases.HomePageTest -->
